<?xml version="1.0" encoding="UTF-8"?>
<!-- Generated by org.testng.reporters.JUnitXMLReporter -->
<testsuite ignored="0" hostname="DESKTOP-R44EK2P" failures="0" tests="9" name="Surefire test" time="14.83" errors="0" timestamp="2026-01-31T14:04:52 IST">
  <testcase classname="tests.LoginTest" name="emptyPasswordTest" time="0.268"/>
  <testcase classname="tests.LoginTest" name="emptyUsernameTest" time="0.25"/>
  <testcase classname="tests.LoginTest" name="invalidPasswordTest" time="0.257"/>
  <testcase classname="tests.LoginTest" name="invalidUsernameTest" time="0.274"/>
  <testcase classname="tests.LoginTest" name="lockedOutUserTest" time="0.241"/>
  <testcase classname="tests.LoginTest" name="sqlInjectionBothFieldsTest" time="0.25"/>
  <testcase classname="tests.LoginTest" name="sqlInjectionPasswordTest" time="0.245"/>
  <testcase classname="tests.LoginTest" name="sqlInjectionUsernameTest" time="0.541"/>
  <testcase classname="tests.LoginTest" name="validLoginTest" time="0.244"/>
</testsuite> <!-- Surefire test -->
