<?xml version="1.0" encoding="UTF-8"?>
<testng-results ignored="0" total="9" passed="9" failed="0" skipped="0">
  <reporter-output>
  </reporter-output>
  <suite started-at="2026-01-31T14:04:37 IST" name="Surefire suite" finished-at="2026-01-31T14:04:52 IST" duration-ms="14830">
    <groups>
    </groups>
    <test started-at="2026-01-31T14:04:37 IST" name="Surefire test" finished-at="2026-01-31T14:04:52 IST" duration-ms="14830">
      <class name="tests.LoginTest">
        <test-method is-config="true" signature="setUp()[pri:0, instance:tests.LoginTest@1da2cb77]" started-at="2026-01-31T14:04:37 IST" name="setUp" finished-at="2026-01-31T14:04:40 IST" duration-ms="2424" status="PASS">
          <reporter-output>
          </reporter-output>
        </test-method> <!-- setUp -->
        <test-method signature="emptyPasswordTest()[pri:0, instance:tests.LoginTest@1da2cb77]" started-at="2026-01-31T14:04:40 IST" name="emptyPasswordTest" finished-at="2026-01-31T14:04:40 IST" duration-ms="268" status="PASS">
          <reporter-output>
          </reporter-output>
        </test-method> <!-- emptyPasswordTest -->
        <test-method is-config="true" signature="tearDown()[pri:0, instance:tests.LoginTest@1da2cb77]" started-at="2026-01-31T14:04:40 IST" name="tearDown" finished-at="2026-01-31T14:04:40 IST" duration-ms="142" status="PASS">
          <reporter-output>
          </reporter-output>
        </test-method> <!-- tearDown -->
        <test-method is-config="true" signature="setUp()[pri:0, instance:tests.LoginTest@1da2cb77]" started-at="2026-01-31T14:04:40 IST" name="setUp" finished-at="2026-01-31T14:04:41 IST" duration-ms="1018" status="PASS">
          <reporter-output>
          </reporter-output>
        </test-method> <!-- setUp -->
        <test-method signature="emptyUsernameTest()[pri:0, instance:tests.LoginTest@1da2cb77]" started-at="2026-01-31T14:04:41 IST" name="emptyUsernameTest" finished-at="2026-01-31T14:04:42 IST" duration-ms="250" status="PASS">
          <reporter-output>
          </reporter-output>
        </test-method> <!-- emptyUsernameTest -->
        <test-method is-config="true" signature="tearDown()[pri:0, instance:tests.LoginTest@1da2cb77]" started-at="2026-01-31T14:04:42 IST" name="tearDown" finished-at="2026-01-31T14:04:42 IST" duration-ms="125" status="PASS">
          <reporter-output>
          </reporter-output>
        </test-method> <!-- tearDown -->
        <test-method is-config="true" signature="setUp()[pri:0, instance:tests.LoginTest@1da2cb77]" started-at="2026-01-31T14:04:42 IST" name="setUp" finished-at="2026-01-31T14:04:43 IST" duration-ms="1124" status="PASS">
          <reporter-output>
          </reporter-output>
        </test-method> <!-- setUp -->
        <test-method signature="invalidPasswordTest()[pri:0, instance:tests.LoginTest@1da2cb77]" started-at="2026-01-31T14:04:43 IST" name="invalidPasswordTest" finished-at="2026-01-31T14:04:43 IST" duration-ms="257" status="PASS">
          <reporter-output>
          </reporter-output>
        </test-method> <!-- invalidPasswordTest -->
        <test-method is-config="true" signature="tearDown()[pri:0, instance:tests.LoginTest@1da2cb77]" started-at="2026-01-31T14:04:43 IST" name="tearDown" finished-at="2026-01-31T14:04:43 IST" duration-ms="121" status="PASS">
          <reporter-output>
          </reporter-output>
        </test-method> <!-- tearDown -->
        <test-method is-config="true" signature="setUp()[pri:0, instance:tests.LoginTest@1da2cb77]" started-at="2026-01-31T14:04:43 IST" name="setUp" finished-at="2026-01-31T14:04:44 IST" duration-ms="1121" status="PASS">
          <reporter-output>
          </reporter-output>
        </test-method> <!-- setUp -->
        <test-method signature="invalidUsernameTest()[pri:0, instance:tests.LoginTest@1da2cb77]" started-at="2026-01-31T14:04:44 IST" name="invalidUsernameTest" finished-at="2026-01-31T14:04:45 IST" duration-ms="274" status="PASS">
          <reporter-output>
          </reporter-output>
        </test-method> <!-- invalidUsernameTest -->
        <test-method is-config="true" signature="tearDown()[pri:0, instance:tests.LoginTest@1da2cb77]" started-at="2026-01-31T14:04:45 IST" name="tearDown" finished-at="2026-01-31T14:04:45 IST" duration-ms="132" status="PASS">
          <reporter-output>
          </reporter-output>
        </test-method> <!-- tearDown -->
        <test-method is-config="true" signature="setUp()[pri:0, instance:tests.LoginTest@1da2cb77]" started-at="2026-01-31T14:04:45 IST" name="setUp" finished-at="2026-01-31T14:04:46 IST" duration-ms="1046" status="PASS">
          <reporter-output>
          </reporter-output>
        </test-method> <!-- setUp -->
        <test-method signature="lockedOutUserTest()[pri:0, instance:tests.LoginTest@1da2cb77]" started-at="2026-01-31T14:04:46 IST" name="lockedOutUserTest" finished-at="2026-01-31T14:04:46 IST" duration-ms="241" status="PASS">
          <reporter-output>
          </reporter-output>
        </test-method> <!-- lockedOutUserTest -->
        <test-method is-config="true" signature="tearDown()[pri:0, instance:tests.LoginTest@1da2cb77]" started-at="2026-01-31T14:04:46 IST" name="tearDown" finished-at="2026-01-31T14:04:46 IST" duration-ms="115" status="PASS">
          <reporter-output>
          </reporter-output>
        </test-method> <!-- tearDown -->
        <test-method is-config="true" signature="setUp()[pri:0, instance:tests.LoginTest@1da2cb77]" started-at="2026-01-31T14:04:46 IST" name="setUp" finished-at="2026-01-31T14:04:47 IST" duration-ms="1095" status="PASS">
          <reporter-output>
          </reporter-output>
        </test-method> <!-- setUp -->
        <test-method signature="sqlInjectionBothFieldsTest()[pri:0, instance:tests.LoginTest@1da2cb77]" started-at="2026-01-31T14:04:47 IST" name="sqlInjectionBothFieldsTest" finished-at="2026-01-31T14:04:47 IST" duration-ms="250" status="PASS">
          <reporter-output>
          </reporter-output>
        </test-method> <!-- sqlInjectionBothFieldsTest -->
        <test-method is-config="true" signature="tearDown()[pri:0, instance:tests.LoginTest@1da2cb77]" started-at="2026-01-31T14:04:47 IST" name="tearDown" finished-at="2026-01-31T14:04:48 IST" duration-ms="127" status="PASS">
          <reporter-output>
          </reporter-output>
        </test-method> <!-- tearDown -->
        <test-method is-config="true" signature="setUp()[pri:0, instance:tests.LoginTest@1da2cb77]" started-at="2026-01-31T14:04:48 IST" name="setUp" finished-at="2026-01-31T14:04:49 IST" duration-ms="1067" status="PASS">
          <reporter-output>
          </reporter-output>
        </test-method> <!-- setUp -->
        <test-method signature="sqlInjectionPasswordTest()[pri:0, instance:tests.LoginTest@1da2cb77]" started-at="2026-01-31T14:04:49 IST" name="sqlInjectionPasswordTest" finished-at="2026-01-31T14:04:49 IST" duration-ms="245" status="PASS">
          <reporter-output>
          </reporter-output>
        </test-method> <!-- sqlInjectionPasswordTest -->
        <test-method is-config="true" signature="tearDown()[pri:0, instance:tests.LoginTest@1da2cb77]" started-at="2026-01-31T14:04:49 IST" name="tearDown" finished-at="2026-01-31T14:04:49 IST" duration-ms="130" status="PASS">
          <reporter-output>
          </reporter-output>
        </test-method> <!-- tearDown -->
        <test-method is-config="true" signature="setUp()[pri:0, instance:tests.LoginTest@1da2cb77]" started-at="2026-01-31T14:04:49 IST" name="setUp" finished-at="2026-01-31T14:04:50 IST" duration-ms="836" status="PASS">
          <reporter-output>
          </reporter-output>
        </test-method> <!-- setUp -->
        <test-method signature="sqlInjectionUsernameTest()[pri:0, instance:tests.LoginTest@1da2cb77]" started-at="2026-01-31T14:04:50 IST" name="sqlInjectionUsernameTest" finished-at="2026-01-31T14:04:50 IST" duration-ms="541" status="PASS">
          <reporter-output>
          </reporter-output>
        </test-method> <!-- sqlInjectionUsernameTest -->
        <test-method is-config="true" signature="tearDown()[pri:0, instance:tests.LoginTest@1da2cb77]" started-at="2026-01-31T14:04:50 IST" name="tearDown" finished-at="2026-01-31T14:04:51 IST" duration-ms="127" status="PASS">
          <reporter-output>
          </reporter-output>
        </test-method> <!-- tearDown -->
        <test-method is-config="true" signature="setUp()[pri:0, instance:tests.LoginTest@1da2cb77]" started-at="2026-01-31T14:04:51 IST" name="setUp" finished-at="2026-01-31T14:04:52 IST" duration-ms="1317" status="PASS">
          <reporter-output>
          </reporter-output>
        </test-method> <!-- setUp -->
        <test-method signature="validLoginTest()[pri:0, instance:tests.LoginTest@1da2cb77]" started-at="2026-01-31T14:04:52 IST" name="validLoginTest" finished-at="2026-01-31T14:04:52 IST" duration-ms="244" status="PASS">
          <reporter-output>
          </reporter-output>
        </test-method> <!-- validLoginTest -->
        <test-method is-config="true" signature="tearDown()[pri:0, instance:tests.LoginTest@1da2cb77]" started-at="2026-01-31T14:04:52 IST" name="tearDown" finished-at="2026-01-31T14:04:52 IST" duration-ms="136" status="PASS">
          <reporter-output>
          </reporter-output>
        </test-method> <!-- tearDown -->
      </class> <!-- tests.LoginTest -->
    </test> <!-- Surefire test -->
  </suite> <!-- Surefire suite -->
</testng-results>
