<?xml version="1.0" encoding="UTF-8"?>
<!-- Generated by org.testng.reporters.JUnitReportReporter -->
<testsuite hostname="DESKTOP-R44EK2P" failures="0" tests="9" name="tests.LoginTest" time="14.773" errors="0" timestamp="2026-01-31T14:04:52 IST" skipped="0">
  <testcase classname="tests.LoginTest" name="sqlInjectionPasswordTest" time="1.223"/>
  <testcase classname="tests.LoginTest" name="invalidUsernameTest" time="1.528"/>
  <testcase classname="tests.LoginTest" name="validLoginTest" time="1.417"/>
  <testcase classname="tests.LoginTest" name="invalidPasswordTest" time="1.514"/>
  <testcase classname="tests.LoginTest" name="lockedOutUserTest" time="2.780"/>
  <testcase classname="tests.LoginTest" name="emptyPasswordTest" time="1.495"/>
  <testcase classname="tests.LoginTest" name="sqlInjectionUsernameTest" time="1.735"/>
  <testcase classname="tests.LoginTest" name="emptyUsernameTest" time="1.688"/>
  <testcase classname="tests.LoginTest" name="sqlInjectionBothFieldsTest" time="1.393"/>
</testsuite> <!-- tests.LoginTest -->
